<?xml version="1.0" encoding="UTF-8"?>
<!-- Generated by org.testng.reporters.JUnitReportReporter -->
<testsuite hostname="Ganyas-MBP.attlocal.net" failures="0" tests="5" name="com.test.endtoend.TestscriptEndToEnd" time="46.728" errors="0" timestamp="2023-07-03T15:36:52 PDT" skipped="0">
  <testcase classname="com.test.endtoend.TestscriptEndToEnd" name="TC_001_validLogin" time="2.361"/>
  <system-out/>
  <testcase classname="com.test.endtoend.TestscriptEndToEnd" name="TC_002_createUserData" time="2.739"/>
  <system-out/>
  <testcase classname="com.test.endtoend.TestscriptEndToEnd" name="TC_003_getUserData" time="16.675"/>
  <system-out/>
  <testcase classname="com.test.endtoend.TestscriptEndToEnd" name="TC_004_updateUserData" time="12.597"/>
  <system-out/>
  <testcase classname="com.test.endtoend.TestscriptEndToEnd" name="TC_005_deleteUserData" time="12.356"/>
  <system-out/>
</testsuite> <!-- com.test.endtoend.TestscriptEndToEnd -->
