<?xml version="1.0" encoding="UTF-8"?>
<!-- Generated by org.testng.reporters.JUnitReportReporter -->
<testsuite hostname="Ganyas-MBP.attlocal.net" failures="0" tests="1" name="com.test.simpleCRUD.LoginToApi" time="2.336" errors="0" timestamp="2023-07-02T21:44:35 PDT" skipped="0">
  <testcase classname="com.test.simpleCRUD.LoginToApi" name="validLogin" time="2.336"/>
  <system-out/>
</testsuite> <!-- com.test.simpleCRUD.LoginToApi -->
