<?xml version="1.0" encoding="UTF-8"?>
<!-- Generated by org.testng.reporters.JUnitReportReporter -->
<testsuite hostname="Ganyas-MBP.attlocal.net" failures="0" tests="2" name="com.test.simpleCRUD.UpdateUserData" time="16.382" errors="0" timestamp="2023-07-02T21:56:05 PDT" skipped="0">
  <testcase classname="com.test.simpleCRUD.UpdateUserData" name="updateData" time="14.290"/>
  <system-out/>
  <testcase classname="com.test.simpleCRUD.UpdateUserData" name="validLogin" time="2.092"/>
  <system-out/>
</testsuite> <!-- com.test.simpleCRUD.UpdateUserData -->
