<?xml version="1.0" encoding="UTF-8"?>
<!-- Generated by org.testng.reporters.JUnitReportReporter -->
<testsuite hostname="Ganyas-MBP.attlocal.net" failures="0" tests="2" name="com.test.simpleCRUD.CreateUserData" time="4.420" errors="0" timestamp="2023-07-02T21:49:54 PDT" skipped="0">
  <testcase classname="com.test.simpleCRUD.CreateUserData" name="validLogin" time="1.624"/>
  <system-out/>
  <testcase classname="com.test.simpleCRUD.CreateUserData" name="TC_002_createUserData" time="2.796"/>
  <system-out/>
</testsuite> <!-- com.test.simpleCRUD.CreateUserData -->
