<?xml version="1.0" encoding="UTF-8"?>
<!-- Generated by org.testng.reporters.JUnitReportReporter -->
<testsuite hostname="Ganyas-MBP.attlocal.net" failures="0" tests="1" name="com.test.crud.CreateEmployee2" time="2.344" errors="0" timestamp="2023-07-17T19:27:54 PDT" skipped="0">
  <testcase classname="com.test.crud.CreateEmployee2" name="createEmployeeTest" time="2.344"/>
  <system-out/>
</testsuite> <!-- com.test.crud.CreateEmployee2 -->
