<?xml version="1.0" encoding="UTF-8"?>
<!-- Generated by org.testng.reporters.JUnitReportReporter -->
<testsuite hostname="Ganyas-MBP.attlocal.net" failures="0" tests="2" name="com.test.simpleCRUD.GetAllUser" time="16.615" errors="0" timestamp="2023-07-02T21:52:27 PDT" skipped="0">
  <testcase classname="com.test.simpleCRUD.GetAllUser" name="validLogin" time="1.408"/>
  <system-out/>
  <testcase classname="com.test.simpleCRUD.GetAllUser" name="getUserData" time="15.207"/>
  <system-out/>
</testsuite> <!-- com.test.simpleCRUD.GetAllUser -->
