<?xml version="1.0" encoding="UTF-8"?>
<!-- Generated by org.testng.reporters.JUnitReportReporter -->
<testsuite hostname="Ganyas-MBP.attlocal.net" failures="0" tests="2" name="com.test.simpleCRUD.DeleteUserData" time="18.087" errors="0" timestamp="2023-07-02T21:57:35 PDT" skipped="0">
  <testcase classname="com.test.simpleCRUD.DeleteUserData" name="deleteUserData" time="14.296"/>
  <system-out/>
  <testcase classname="com.test.simpleCRUD.DeleteUserData" name="validLogin" time="3.791"/>
  <system-out/>
</testsuite> <!-- com.test.simpleCRUD.DeleteUserData -->
